2018-06-04 10:16:35.198 [restartedMain] INFO  c.example.login.DemoLoginApplication - Starting DemoLoginApplication on WH-chonghuw-01 with PID 9208 (D:\Users\chonghuwang\2018\demo_login\target\classes started by ChonghuWang in D:\Users\chonghuwang\2018\demo_login)
2018-06-04 10:16:35.199 [restartedMain] INFO  c.example.login.DemoLoginApplication - No active profile set, falling back to default profiles: default
2018-06-04 10:16:35.259 [restartedMain] INFO  o.s.b.w.s.c.AnnotationConfigServletWebServerApplicationContext - Refreshing org.springframework.boot.web.servlet.context.AnnotationConfigServletWebServerApplicationContext@7ec52231: startup date [Mon Jun 04 10:16:35 CST 2018]; root of context hierarchy
2018-06-04 10:16:36.780 [restartedMain] INFO  o.s.b.w.e.tomcat.TomcatWebServer - Tomcat initialized with port(s): 8080 (http)
2018-06-04 10:16:36.795 [restartedMain] INFO  o.a.coyote.http11.Http11NioProtocol - Initializing ProtocolHandler ["http-nio-8080"]
2018-06-04 10:16:36.805 [restartedMain] INFO  o.a.catalina.core.StandardService - Starting service [Tomcat]
2018-06-04 10:16:36.805 [restartedMain] INFO  o.a.catalina.core.StandardEngine - Starting Servlet Engine: Apache Tomcat/8.5.31
2018-06-04 10:16:36.813 [localhost-startStop-1] INFO  o.a.c.core.AprLifecycleListener - The APR based Apache Tomcat Native library which allows optimal performance in production environments was not found on the java.library.path: [C:\Program Files\Java\jdk1.8.0_121\bin;C:\Windows\Sun\Java\bin;C:\Windows\system32;C:\Windows;C:\ProgramData\Oracle\Java\javapath;D:\app\ChonghuWang\product\11.2.0\dbhome_1\bin;C:\Program Files (x86)\Intel\iCLS Client\;C:\Program Files\Intel\iCLS Client\;C:\Windows\system32;C:\Windows;C:\Windows\System32\Wbem;C:\Windows\System32\WindowsPowerShell\v1.0\;C:\Program Files\Intel\Intel(R) Management Engine Components\DAL;C:\Program Files\Intel\Intel(R) Management Engine Components\IPT;C:\Program Files (x86)\Intel\Intel(R) Management Engine Components\DAL;C:\Program Files (x86)\Intel\Intel(R) Management Engine Components\IPT;C:\Program Files (x86)\ATI Technologies\ATI.ACE\Core-Static;C:\Program Files\Java\jdk1.8.0_121\bin;C:\Program Files\Java\jdk1.8.0_121\jre\bin;C:\Program Files\Java\apache-maven-3.2.2-bin\apache-maven-3.2.2\bin;C:\Program Files\Java\apache-tomcat-7.0.54\lib;C:\Program Files\Java\apache-tomcat-7.0.54\lib\servlet-api.jar;C:\Program Files\Java\apache-tomcat-7.0.54\lib\jsp-api.jar;D:\Program Files\mysql-5.7.12-winx64\bin;C:\Program Files (x86)\NVIDIA Corporation\PhysX\Common;D:\Program Files\TortoiseSVN\bin;D:\apache\apache-ant-1.9.7\bin;D:\Program Files\nodejs\;C:\Program Files (x86)\Git\bin;C:\Program Files (x86)\Git\libexec\git-core;D:\apache\gradle-4.2.1\bin;C:\Program Files\TortoiseGit\bin;C:\Users\chonghuwang\AppData\Roaming\npm;.]
2018-06-04 10:16:36.901 [localhost-startStop-1] INFO  o.a.c.c.C.[Tomcat].[localhost].[/] - Initializing Spring embedded WebApplicationContext
2018-06-04 10:16:36.901 [localhost-startStop-1] INFO  o.s.web.context.ContextLoader - Root WebApplicationContext: initialization completed in 1643 ms
2018-06-04 10:16:37.019 [localhost-startStop-1] INFO  o.s.b.w.s.FilterRegistrationBean - Mapping filter: 'characterEncodingFilter' to: [/*]
2018-06-04 10:16:37.019 [localhost-startStop-1] INFO  o.s.b.w.s.FilterRegistrationBean - Mapping filter: 'hiddenHttpMethodFilter' to: [/*]
2018-06-04 10:16:37.019 [localhost-startStop-1] INFO  o.s.b.w.s.FilterRegistrationBean - Mapping filter: 'httpPutFormContentFilter' to: [/*]
2018-06-04 10:16:37.020 [localhost-startStop-1] INFO  o.s.b.w.s.FilterRegistrationBean - Mapping filter: 'requestContextFilter' to: [/*]
2018-06-04 10:16:37.020 [localhost-startStop-1] INFO  o.s.b.w.s.FilterRegistrationBean - Mapping filter: 'MyCustom Filter' to urls: [/*]
2018-06-04 10:16:37.020 [localhost-startStop-1] INFO  o.s.b.w.s.ServletRegistrationBean - Servlet dispatcherServlet mapped to [/]
2018-06-04 10:16:37.039 [localhost-startStop-1] INFO  c.example.login.core.filter.MyFilter - -------- MyCustom Filter init ing ----------
2018-06-04 10:16:37.123 [restartedMain] INFO  o.s.w.s.h.SimpleUrlHandlerMapping - Mapped URL path [/**/favicon.ico] onto handler of type [class org.springframework.web.servlet.resource.ResourceHttpRequestHandler]
2018-06-04 10:16:37.290 [restartedMain] INFO  o.s.w.s.m.m.a.RequestMappingHandlerAdapter - Looking for @ControllerAdvice: org.springframework.boot.web.servlet.context.AnnotationConfigServletWebServerApplicationContext@7ec52231: startup date [Mon Jun 04 10:16:35 CST 2018]; root of context hierarchy
2018-06-04 10:16:37.408 [restartedMain] INFO  o.s.w.s.m.m.a.RequestMappingHandlerMapping - Mapped "{[/hello]}" onto public java.lang.String com.example.login.controller.LoginController.sayHello()
2018-06-04 10:16:37.410 [restartedMain] INFO  o.s.w.s.m.m.a.RequestMappingHandlerMapping - Mapped "{[/user/getUser]}" onto public com.example.login.domain.User com.example.login.controller.UserController.getUser()
2018-06-04 10:16:37.413 [restartedMain] INFO  o.s.w.s.m.m.a.RequestMappingHandlerMapping - Mapped "{[/error]}" onto public org.springframework.http.ResponseEntity<java.util.Map<java.lang.String, java.lang.Object>> org.springframework.boot.autoconfigure.web.servlet.error.BasicErrorController.error(javax.servlet.http.HttpServletRequest)
2018-06-04 10:16:37.413 [restartedMain] INFO  o.s.w.s.m.m.a.RequestMappingHandlerMapping - Mapped "{[/error],produces=[text/html]}" onto public org.springframework.web.servlet.ModelAndView org.springframework.boot.autoconfigure.web.servlet.error.BasicErrorController.errorHtml(javax.servlet.http.HttpServletRequest,javax.servlet.http.HttpServletResponse)
2018-06-04 10:16:37.432 [restartedMain] INFO  o.s.w.s.h.SimpleUrlHandlerMapping - Mapped URL path [/webjars/**] onto handler of type [class org.springframework.web.servlet.resource.ResourceHttpRequestHandler]
2018-06-04 10:16:37.432 [restartedMain] INFO  o.s.w.s.h.SimpleUrlHandlerMapping - Mapped URL path [/**] onto handler of type [class org.springframework.web.servlet.resource.ResourceHttpRequestHandler]
2018-06-04 10:16:37.569 [restartedMain] INFO  o.s.b.d.a.OptionalLiveReloadServer - LiveReload server is running on port 35729
2018-06-04 10:16:37.596 [restartedMain] INFO  o.s.j.e.a.AnnotationMBeanExporter - Registering beans for JMX exposure on startup
2018-06-04 10:16:37.607 [restartedMain] INFO  o.a.coyote.http11.Http11NioProtocol - Starting ProtocolHandler ["http-nio-8080"]
2018-06-04 10:16:37.615 [restartedMain] INFO  o.a.tomcat.util.net.NioSelectorPool - Using a shared selector for servlet write/read
2018-06-04 10:16:37.628 [restartedMain] INFO  o.s.b.w.e.tomcat.TomcatWebServer - Tomcat started on port(s): 8080 (http) with context path ''
2018-06-04 10:16:37.631 [restartedMain] INFO  c.example.login.DemoLoginApplication - Started DemoLoginApplication in 3.47 seconds (JVM running for 3.963)
2018-06-04 17:35:34.231 [restartedMain] INFO  c.example.login.DemoLoginApplication - Starting DemoLoginApplication on WH-chonghuw-01 with PID 8864 (D:\Users\chonghuwang\2018\demo_login\target\classes started by ChonghuWang in D:\Users\chonghuwang\2018\demo_login)
2018-06-04 17:35:34.232 [restartedMain] INFO  c.example.login.DemoLoginApplication - No active profile set, falling back to default profiles: default
2018-06-04 17:35:34.419 [restartedMain] INFO  o.s.b.w.s.c.AnnotationConfigServletWebServerApplicationContext - Refreshing org.springframework.boot.web.servlet.context.AnnotationConfigServletWebServerApplicationContext@2467d80f: startup date [Mon Jun 04 17:35:34 CST 2018]; root of context hierarchy
2018-06-04 17:35:35.788 [restartedMain] INFO  o.s.b.w.e.tomcat.TomcatWebServer - Tomcat initialized with port(s): 8080 (http)
2018-06-04 17:35:35.802 [restartedMain] INFO  o.a.coyote.http11.Http11NioProtocol - Initializing ProtocolHandler ["http-nio-8080"]
2018-06-04 17:35:35.811 [restartedMain] INFO  o.a.catalina.core.StandardService - Starting service [Tomcat]
2018-06-04 17:35:35.812 [restartedMain] INFO  o.a.catalina.core.StandardEngine - Starting Servlet Engine: Apache Tomcat/8.5.31
2018-06-04 17:35:35.820 [localhost-startStop-1] INFO  o.a.c.core.AprLifecycleListener - The APR based Apache Tomcat Native library which allows optimal performance in production environments was not found on the java.library.path: [C:\Program Files\Java\jdk1.8.0_121\bin;C:\Windows\Sun\Java\bin;C:\Windows\system32;C:\Windows;C:\ProgramData\Oracle\Java\javapath;D:\app\ChonghuWang\product\11.2.0\dbhome_1\bin;C:\Program Files (x86)\Intel\iCLS Client\;C:\Program Files\Intel\iCLS Client\;C:\Windows\system32;C:\Windows;C:\Windows\System32\Wbem;C:\Windows\System32\WindowsPowerShell\v1.0\;C:\Program Files\Intel\Intel(R) Management Engine Components\DAL;C:\Program Files\Intel\Intel(R) Management Engine Components\IPT;C:\Program Files (x86)\Intel\Intel(R) Management Engine Components\DAL;C:\Program Files (x86)\Intel\Intel(R) Management Engine Components\IPT;C:\Program Files (x86)\ATI Technologies\ATI.ACE\Core-Static;C:\Program Files\Java\jdk1.8.0_121\bin;C:\Program Files\Java\jdk1.8.0_121\jre\bin;C:\Program Files\Java\apache-maven-3.2.2-bin\apache-maven-3.2.2\bin;C:\Program Files\Java\apache-tomcat-7.0.54\lib;C:\Program Files\Java\apache-tomcat-7.0.54\lib\servlet-api.jar;C:\Program Files\Java\apache-tomcat-7.0.54\lib\jsp-api.jar;D:\Program Files\mysql-5.7.12-winx64\bin;C:\Program Files (x86)\NVIDIA Corporation\PhysX\Common;D:\Program Files\TortoiseSVN\bin;D:\apache\apache-ant-1.9.7\bin;D:\Program Files\nodejs\;C:\Program Files (x86)\Git\bin;C:\Program Files (x86)\Git\libexec\git-core;D:\apache\gradle-4.2.1\bin;C:\Program Files\TortoiseGit\bin;C:\Users\chonghuwang\AppData\Roaming\npm;.]
2018-06-04 17:35:35.909 [localhost-startStop-1] INFO  o.a.c.c.C.[Tomcat].[localhost].[/] - Initializing Spring embedded WebApplicationContext
2018-06-04 17:35:35.909 [localhost-startStop-1] INFO  o.s.web.context.ContextLoader - Root WebApplicationContext: initialization completed in 1490 ms
2018-06-04 17:35:36.031 [localhost-startStop-1] INFO  o.s.b.w.s.FilterRegistrationBean - Mapping filter: 'characterEncodingFilter' to: [/*]
2018-06-04 17:35:36.031 [localhost-startStop-1] INFO  o.s.b.w.s.FilterRegistrationBean - Mapping filter: 'hiddenHttpMethodFilter' to: [/*]
2018-06-04 17:35:36.031 [localhost-startStop-1] INFO  o.s.b.w.s.FilterRegistrationBean - Mapping filter: 'httpPutFormContentFilter' to: [/*]
2018-06-04 17:35:36.031 [localhost-startStop-1] INFO  o.s.b.w.s.FilterRegistrationBean - Mapping filter: 'requestContextFilter' to: [/*]
2018-06-04 17:35:36.031 [localhost-startStop-1] INFO  o.s.b.w.s.FilterRegistrationBean - Mapping filter: 'MyCustom Filter' to urls: [/*]
2018-06-04 17:35:36.032 [localhost-startStop-1] INFO  o.s.b.w.s.ServletRegistrationBean - Servlet dispatcherServlet mapped to [/]
2018-06-04 17:35:36.051 [localhost-startStop-1] INFO  c.example.login.core.filter.MyFilter - -------- MyCustom Filter init ing ----------
2018-06-04 17:35:36.147 [restartedMain] INFO  o.s.w.s.h.SimpleUrlHandlerMapping - Mapped URL path [/**/favicon.ico] onto handler of type [class org.springframework.web.servlet.resource.ResourceHttpRequestHandler]
2018-06-04 17:35:36.379 [restartedMain] INFO  o.s.w.s.m.m.a.RequestMappingHandlerAdapter - Looking for @ControllerAdvice: org.springframework.boot.web.servlet.context.AnnotationConfigServletWebServerApplicationContext@2467d80f: startup date [Mon Jun 04 17:35:34 CST 2018]; root of context hierarchy
2018-06-04 17:35:36.445 [restartedMain] INFO  o.s.w.s.m.m.a.RequestMappingHandlerMapping - Mapped "{[/hello]}" onto public java.lang.String com.example.login.controller.LoginController.sayHello()
2018-06-04 17:35:36.447 [restartedMain] INFO  o.s.w.s.m.m.a.RequestMappingHandlerMapping - Mapped "{[/user/getUser]}" onto public com.example.login.domain.User com.example.login.controller.UserController.getUser()
2018-06-04 17:35:36.448 [restartedMain] INFO  o.s.w.s.m.m.a.RequestMappingHandlerMapping - Mapped "{[/error]}" onto public org.springframework.http.ResponseEntity<java.util.Map<java.lang.String, java.lang.Object>> org.springframework.boot.autoconfigure.web.servlet.error.BasicErrorController.error(javax.servlet.http.HttpServletRequest)
2018-06-04 17:35:36.449 [restartedMain] INFO  o.s.w.s.m.m.a.RequestMappingHandlerMapping - Mapped "{[/error],produces=[text/html]}" onto public org.springframework.web.servlet.ModelAndView org.springframework.boot.autoconfigure.web.servlet.error.BasicErrorController.errorHtml(javax.servlet.http.HttpServletRequest,javax.servlet.http.HttpServletResponse)
2018-06-04 17:35:36.469 [restartedMain] INFO  o.s.w.s.h.SimpleUrlHandlerMapping - Mapped URL path [/webjars/**] onto handler of type [class org.springframework.web.servlet.resource.ResourceHttpRequestHandler]
2018-06-04 17:35:36.469 [restartedMain] INFO  o.s.w.s.h.SimpleUrlHandlerMapping - Mapped URL path [/**] onto handler of type [class org.springframework.web.servlet.resource.ResourceHttpRequestHandler]
2018-06-04 17:35:36.613 [restartedMain] INFO  o.s.b.d.a.OptionalLiveReloadServer - LiveReload server is running on port 35729
2018-06-04 17:35:36.636 [restartedMain] INFO  o.s.j.e.a.AnnotationMBeanExporter - Registering beans for JMX exposure on startup
2018-06-04 17:35:36.648 [restartedMain] INFO  o.a.coyote.http11.Http11NioProtocol - Starting ProtocolHandler ["http-nio-8080"]
2018-06-04 17:35:36.659 [restartedMain] INFO  o.a.tomcat.util.net.NioSelectorPool - Using a shared selector for servlet write/read
2018-06-04 17:35:36.673 [restartedMain] INFO  o.s.b.w.e.tomcat.TomcatWebServer - Tomcat started on port(s): 8080 (http) with context path ''
2018-06-04 17:35:36.676 [restartedMain] INFO  c.example.login.DemoLoginApplication - Started DemoLoginApplication in 2.812 seconds (JVM running for 3.258)
2018-06-04 18:55:35.932 [main] INFO  com.example.login.UserTest - Starting UserTest on WH-chonghuw-01 with PID 10780 (started by ChonghuWang in D:\Users\chonghuwang\2018\demo_login)
2018-06-04 18:55:35.933 [main] INFO  com.example.login.UserTest - No active profile set, falling back to default profiles: default
2018-06-04 18:55:35.988 [main] INFO  o.s.w.c.s.GenericWebApplicationContext - Refreshing org.springframework.web.context.support.GenericWebApplicationContext@72ef8d15: startup date [Mon Jun 04 18:55:35 CST 2018]; root of context hierarchy
2018-06-04 18:55:37.064 [main] INFO  o.s.c.s.PostProcessorRegistrationDelegate$BeanPostProcessorChecker - Bean 'org.springframework.transaction.annotation.ProxyTransactionManagementConfiguration' of type [org.springframework.transaction.annotation.ProxyTransactionManagementConfiguration$$EnhancerBySpringCGLIB$$d2593a5] is not eligible for getting processed by all BeanPostProcessors (for example: not eligible for auto-proxying)
2018-06-04 18:55:37.249 [main] INFO  com.zaxxer.hikari.HikariDataSource - HikariPool-1 - Starting...
2018-06-04 18:55:37.484 [main] INFO  com.zaxxer.hikari.HikariDataSource - HikariPool-1 - Start completed.
2018-06-04 18:55:37.536 [main] INFO  o.s.o.j.LocalContainerEntityManagerFactoryBean - Building JPA container EntityManagerFactory for persistence unit 'default'
2018-06-04 18:55:37.551 [main] INFO  o.h.jpa.internal.util.LogHelper - HHH000204: Processing PersistenceUnitInfo [
	name: default
	...]
2018-06-04 18:55:37.623 [main] INFO  org.hibernate.Version - HHH000412: Hibernate Core {5.2.17.Final}
2018-06-04 18:55:37.624 [main] INFO  org.hibernate.cfg.Environment - HHH000206: hibernate.properties not found
2018-06-04 18:55:37.688 [main] INFO  o.h.annotations.common.Version - HCANN000001: Hibernate Commons Annotations {5.0.1.Final}
2018-06-04 18:55:37.805 [main] INFO  org.hibernate.dialect.Dialect - HHH000400: Using dialect: org.hibernate.dialect.MySQL5Dialect
2018-06-04 18:55:39.104 [main] INFO  o.s.o.j.LocalContainerEntityManagerFactoryBean - Initialized JPA EntityManagerFactory for persistence unit 'default'
2018-06-04 18:55:39.384 [main] INFO  o.s.w.s.h.SimpleUrlHandlerMapping - Mapped URL path [/**/favicon.ico] onto handler of type [class org.springframework.web.servlet.resource.ResourceHttpRequestHandler]
2018-06-04 18:55:40.077 [main] INFO  o.s.w.s.m.m.a.RequestMappingHandlerAdapter - Looking for @ControllerAdvice: org.springframework.web.context.support.GenericWebApplicationContext@72ef8d15: startup date [Mon Jun 04 18:55:35 CST 2018]; root of context hierarchy
2018-06-04 18:55:40.121 [main] WARN  o.s.b.a.o.j.JpaBaseConfiguration$JpaWebConfiguration$JpaWebMvcConfiguration - spring.jpa.open-in-view is enabled by default. Therefore, database queries may be performed during view rendering. Explicitly configure spring.jpa.open-in-view to disable this warning
2018-06-04 18:55:40.207 [main] INFO  o.s.w.s.m.m.a.RequestMappingHandlerMapping - Mapped "{[/hello]}" onto public java.lang.String com.example.login.controller.LoginController.sayHello()
2018-06-04 18:55:40.209 [main] INFO  o.s.w.s.m.m.a.RequestMappingHandlerMapping - Mapped "{[/user/getUser]}" onto public com.example.login.domain.User com.example.login.controller.UserController.getUser()
2018-06-04 18:55:40.211 [main] INFO  o.s.w.s.m.m.a.RequestMappingHandlerMapping - Mapped "{[/error]}" onto public org.springframework.http.ResponseEntity<java.util.Map<java.lang.String, java.lang.Object>> org.springframework.boot.autoconfigure.web.servlet.error.BasicErrorController.error(javax.servlet.http.HttpServletRequest)
2018-06-04 18:55:40.212 [main] INFO  o.s.w.s.m.m.a.RequestMappingHandlerMapping - Mapped "{[/error],produces=[text/html]}" onto public org.springframework.web.servlet.ModelAndView org.springframework.boot.autoconfigure.web.servlet.error.BasicErrorController.errorHtml(javax.servlet.http.HttpServletRequest,javax.servlet.http.HttpServletResponse)
2018-06-04 18:55:40.240 [main] INFO  o.s.w.s.h.SimpleUrlHandlerMapping - Mapped URL path [/webjars/**] onto handler of type [class org.springframework.web.servlet.resource.ResourceHttpRequestHandler]
2018-06-04 18:55:40.241 [main] INFO  o.s.w.s.h.SimpleUrlHandlerMapping - Mapped URL path [/**] onto handler of type [class org.springframework.web.servlet.resource.ResourceHttpRequestHandler]
2018-06-04 18:55:40.478 [main] INFO  com.example.login.UserTest - Started UserTest in 4.901 seconds (JVM running for 6.197)
2018-06-04 18:55:40.800 [main] INFO  o.h.h.i.QueryTranslatorFactoryInitiator - HHH000397: Using ASTQueryTranslatorFactory
2018-06-04 18:55:40.944 [Thread-2] INFO  o.s.w.c.s.GenericWebApplicationContext - Closing org.springframework.web.context.support.GenericWebApplicationContext@72ef8d15: startup date [Mon Jun 04 18:55:35 CST 2018]; root of context hierarchy
2018-06-04 18:55:40.948 [Thread-2] INFO  o.s.o.j.LocalContainerEntityManagerFactoryBean - Closing JPA EntityManagerFactory for persistence unit 'default'
2018-06-04 18:55:40.949 [Thread-2] INFO  com.zaxxer.hikari.HikariDataSource - HikariPool-1 - Shutdown initiated...
2018-06-04 18:55:40.955 [Thread-2] INFO  com.zaxxer.hikari.HikariDataSource - HikariPool-1 - Shutdown completed.
2018-06-04 19:07:44.580 [main] INFO  com.example.login.UserTest - Starting UserTest on WH-chonghuw-01 with PID 15140 (started by ChonghuWang in D:\Users\chonghuwang\2018\demo_login)
2018-06-04 19:07:44.581 [main] INFO  com.example.login.UserTest - No active profile set, falling back to default profiles: default
2018-06-04 19:07:44.664 [main] INFO  o.s.w.c.s.GenericWebApplicationContext - Refreshing org.springframework.web.context.support.GenericWebApplicationContext@51a9ad5e: startup date [Mon Jun 04 19:07:44 CST 2018]; root of context hierarchy
2018-06-04 19:07:45.707 [main] INFO  o.s.c.s.PostProcessorRegistrationDelegate$BeanPostProcessorChecker - Bean 'org.springframework.transaction.annotation.ProxyTransactionManagementConfiguration' of type [org.springframework.transaction.annotation.ProxyTransactionManagementConfiguration$$EnhancerBySpringCGLIB$$da00997d] is not eligible for getting processed by all BeanPostProcessors (for example: not eligible for auto-proxying)
2018-06-04 19:07:45.892 [main] INFO  com.zaxxer.hikari.HikariDataSource - HikariPool-1 - Starting...
2018-06-04 19:07:46.115 [main] INFO  com.zaxxer.hikari.HikariDataSource - HikariPool-1 - Start completed.
2018-06-04 19:07:46.151 [main] INFO  o.s.o.j.LocalContainerEntityManagerFactoryBean - Building JPA container EntityManagerFactory for persistence unit 'default'
2018-06-04 19:07:46.165 [main] INFO  o.h.jpa.internal.util.LogHelper - HHH000204: Processing PersistenceUnitInfo [
	name: default
	...]
2018-06-04 19:07:46.236 [main] INFO  org.hibernate.Version - HHH000412: Hibernate Core {5.2.17.Final}
2018-06-04 19:07:46.238 [main] INFO  org.hibernate.cfg.Environment - HHH000206: hibernate.properties not found
2018-06-04 19:07:46.279 [main] INFO  o.h.annotations.common.Version - HCANN000001: Hibernate Commons Annotations {5.0.1.Final}
2018-06-04 19:07:46.392 [main] INFO  org.hibernate.dialect.Dialect - HHH000400: Using dialect: org.hibernate.dialect.MySQL5Dialect
2018-06-04 19:07:46.965 [main] INFO  o.s.o.j.LocalContainerEntityManagerFactoryBean - Initialized JPA EntityManagerFactory for persistence unit 'default'
2018-06-04 19:07:47.279 [main] INFO  o.s.w.s.h.SimpleUrlHandlerMapping - Mapped URL path [/**/favicon.ico] onto handler of type [class org.springframework.web.servlet.resource.ResourceHttpRequestHandler]
2018-06-04 19:07:47.835 [main] INFO  o.s.w.s.m.m.a.RequestMappingHandlerAdapter - Looking for @ControllerAdvice: org.springframework.web.context.support.GenericWebApplicationContext@51a9ad5e: startup date [Mon Jun 04 19:07:44 CST 2018]; root of context hierarchy
2018-06-04 19:07:47.917 [main] WARN  o.s.b.a.o.j.JpaBaseConfiguration$JpaWebConfiguration$JpaWebMvcConfiguration - spring.jpa.open-in-view is enabled by default. Therefore, database queries may be performed during view rendering. Explicitly configure spring.jpa.open-in-view to disable this warning
2018-06-04 19:07:47.948 [main] INFO  o.s.w.s.m.m.a.RequestMappingHandlerMapping - Mapped "{[/hello]}" onto public java.lang.String com.example.login.controller.LoginController.sayHello()
2018-06-04 19:07:47.950 [main] INFO  o.s.w.s.m.m.a.RequestMappingHandlerMapping - Mapped "{[/user/getUser]}" onto public com.example.login.domain.User com.example.login.controller.UserController.getUser()
2018-06-04 19:07:47.952 [main] INFO  o.s.w.s.m.m.a.RequestMappingHandlerMapping - Mapped "{[/error]}" onto public org.springframework.http.ResponseEntity<java.util.Map<java.lang.String, java.lang.Object>> org.springframework.boot.autoconfigure.web.servlet.error.BasicErrorController.error(javax.servlet.http.HttpServletRequest)
2018-06-04 19:07:47.952 [main] INFO  o.s.w.s.m.m.a.RequestMappingHandlerMapping - Mapped "{[/error],produces=[text/html]}" onto public org.springframework.web.servlet.ModelAndView org.springframework.boot.autoconfigure.web.servlet.error.BasicErrorController.errorHtml(javax.servlet.http.HttpServletRequest,javax.servlet.http.HttpServletResponse)
2018-06-04 19:07:47.976 [main] INFO  o.s.w.s.h.SimpleUrlHandlerMapping - Mapped URL path [/webjars/**] onto handler of type [class org.springframework.web.servlet.resource.ResourceHttpRequestHandler]
2018-06-04 19:07:47.976 [main] INFO  o.s.w.s.h.SimpleUrlHandlerMapping - Mapped URL path [/**] onto handler of type [class org.springframework.web.servlet.resource.ResourceHttpRequestHandler]
2018-06-04 19:07:48.242 [main] INFO  com.example.login.UserTest - Started UserTest in 4.172 seconds (JVM running for 4.919)
2018-06-04 19:07:48.478 [main] INFO  o.h.h.i.QueryTranslatorFactoryInitiator - HHH000397: Using ASTQueryTranslatorFactory
2018-06-04 19:07:48.589 [Thread-2] INFO  o.s.w.c.s.GenericWebApplicationContext - Closing org.springframework.web.context.support.GenericWebApplicationContext@51a9ad5e: startup date [Mon Jun 04 19:07:44 CST 2018]; root of context hierarchy
2018-06-04 19:07:48.591 [Thread-2] INFO  o.s.o.j.LocalContainerEntityManagerFactoryBean - Closing JPA EntityManagerFactory for persistence unit 'default'
2018-06-04 19:07:48.592 [Thread-2] INFO  com.zaxxer.hikari.HikariDataSource - HikariPool-1 - Shutdown initiated...
2018-06-04 19:07:48.597 [Thread-2] INFO  com.zaxxer.hikari.HikariDataSource - HikariPool-1 - Shutdown completed.
